# JRE version: OpenJDK Runtime Environment (15.0.2+7) (build 15.0.2+7-27)
# Java VM: OpenJDK 64-Bit Server VM (15.0.2+7-27, mixed mode, tiered, compressed oops, g1 gc, windows-amd64)
GC Precious Log:
 CPUs: 8 total, 8 available
 Memory: 16281M
 Large Page Support: Disabled
 NUMA Support: Disabled
 Compressed Oops: Enabled (Zero based)
 Heap Region Size: 2M
 Heap Min Capacity: 8M
 Heap Initial Capacity: 256M
 Heap Max Capacity: 4072M
 Pre-touch: Disabled
 Parallel Workers: 8
 Concurrent Workers: 2
 Concurrent Refinement Workers: 8
 Periodic GC: Disabled
Heap:
 garbage-first heap   total 149504K, used 16634K [0x0000000701800000, 0x0000000800000000)
  region size 2048K, 1 young (2048K), 1 survivors (2048K)
 Metaspace       used 38238K, capacity 38618K, committed 38860K, reserved 1083392K
  class space    used 4412K, capacity 4531K, committed 4608K, reserved 1048576K
GC Heap History (20 events):
Event: 1.266 GC heap after
{Heap after GC invocations=3 (full 0):
 garbage-first heap   total 262144K, used 7719K [0x0000000701800000, 0x0000000800000000)
  region size 2048K, 1 young (2048K), 1 survivors (2048K)
 Metaspace       used 21020K, capacity 21231K, committed 21248K, reserved 1069056K
  class space    used 2204K, capacity 2297K, committed 2304K, reserved 1048576K
}
Event: 1.479 GC heap before
{Heap before GC invocations=4 (full 0):
 garbage-first heap   total 34816K, used 24103K [0x0000000701800000, 0x0000000800000000)
  region size 2048K, 10 young (20480K), 1 survivors (2048K)
 Metaspace       used 25643K, capacity 25949K, committed 26112K, reserved 1073152K
  class space    used 2875K, capacity 2967K, committed 3072K, reserved 1048576K
}
Event: 1.482 GC heap after
{Heap after GC invocations=5 (full 0):
 garbage-first heap   total 34816K, used 8569K [0x0000000701800000, 0x0000000800000000)
  region size 2048K, 2 young (4096K), 2 survivors (4096K)
 Metaspace       used 25643K, capacity 25949K, committed 26112K, reserved 1073152K
  class space    used 2875K, capacity 2967K, committed 3072K, reserved 1048576K
}
Event: 1.736 GC heap before
{Heap before GC invocations=5 (full 0):
 garbage-first heap   total 34816K, used 22905K [0x0000000701800000, 0x0000000800000000)
  region size 2048K, 9 young (18432K), 2 survivors (4096K)
 Metaspace       used 27269K, capacity 27556K, committed 27776K, reserved 1073152K
  class space    used 3032K, capacity 3098K, committed 3200K, reserved 1048576K
}
Event: 1.740 GC heap after
{Heap after GC invocations=6 (full 0):
 garbage-first heap   total 34816K, used 9567K [0x0000000701800000, 0x0000000800000000)
  region size 2048K, 2 young (4096K), 2 survivors (4096K)
 Metaspace       used 27269K, capacity 27556K, committed 27776K, reserved 1073152K
  class space    used 3032K, capacity 3098K, committed 3200K, reserved 1048576K
}
Event: 1.978 GC heap before
{Heap before GC invocations=6 (full 0):
 garbage-first heap   total 34816K, used 23903K [0x0000000701800000, 0x0000000800000000)
  region size 2048K, 9 young (18432K), 2 survivors (4096K)
 Metaspace       used 28745K, capacity 29075K, committed 29184K, reserved 1075200K
  class space    used 3202K, capacity 3277K, committed 3328K, reserved 1048576K
}
Event: 1.980 GC heap after
{Heap after GC invocations=7 (full 0):
 garbage-first heap   total 34816K, used 10134K [0x0000000701800000, 0x0000000800000000)
  region size 2048K, 2 young (4096K), 2 survivors (4096K)
 Metaspace       used 28745K, capacity 29075K, committed 29184K, reserved 1075200K
  class space    used 3202K, capacity 3277K, committed 3328K, reserved 1048576K
}
Event: 2.299 GC heap before
{Heap before GC invocations=7 (full 0):
 garbage-first heap   total 34816K, used 24470K [0x0000000701800000, 0x0000000800000000)
  region size 2048K, 9 young (18432K), 2 survivors (4096K)
 Metaspace       used 31379K, capacity 31675K, committed 31872K, reserved 1077248K
  class space    used 3520K, capacity 3608K, committed 3712K, reserved 1048576K
}
Event: 2.303 GC heap after
{Heap after GC invocations=8 (full 0):
 garbage-first heap   total 34816K, used 11620K [0x0000000701800000, 0x0000000800000000)
  region size 2048K, 2 young (4096K), 2 survivors (4096K)
 Metaspace       used 31379K, capacity 31675K, committed 31872K, reserved 1077248K
  class space    used 3520K, capacity 3608K, committed 3712K, reserved 1048576K
}
Event: 2.590 GC heap before
{Heap before GC invocations=8 (full 0):
 garbage-first heap   total 34816K, used 23908K [0x0000000701800000, 0x0000000800000000)
  region size 2048K, 8 young (16384K), 2 survivors (4096K)
 Metaspace       used 33800K, capacity 34108K, committed 34176K, reserved 1079296K
  class space    used 3810K, capacity 3905K, committed 3968K, reserved 1048576K
}
Event: 2.595 GC heap after
{Heap after GC invocations=9 (full 0):
 garbage-first heap   total 34816K, used 13023K [0x0000000701800000, 0x0000000800000000)
  region size 2048K, 1 young (2048K), 1 survivors (2048K)
 Metaspace       used 33800K, capacity 34108K, committed 34176K, reserved 1079296K
  class space    used 3810K, capacity 3905K, committed 3968K, reserved 1048576K
}
Event: 2.807 GC heap before
{Heap before GC invocations=9 (full 0):
 garbage-first heap   total 34816K, used 23263K [0x0000000701800000, 0x0000000800000000)
  region size 2048K, 7 young (14336K), 1 survivors (2048K)
 Metaspace       used 35089K, capacity 35393K, committed 35584K, reserved 1081344K
  class space    used 3928K, capacity 4036K, committed 4096K, reserved 1048576K
}
Event: 2.809 GC heap after
{Heap after GC invocations=10 (full 0):
 garbage-first heap   total 34816K, used 13746K [0x0000000701800000, 0x0000000800000000)
  region size 2048K, 1 young (2048K), 1 survivors (2048K)
 Metaspace       used 35089K, capacity 35393K, committed 35584K, reserved 1081344K
  class space    used 3928K, capacity 4036K, committed 4096K, reserved 1048576K
}
Event: 2.840 GC heap before
{Heap before GC invocations=10 (full 0):
 garbage-first heap   total 34816K, used 13746K [0x0000000701800000, 0x0000000800000000)
  region size 2048K, 2 young (4096K), 1 survivors (2048K)
 Metaspace       used 35503K, capacity 35809K, committed 35840K, reserved 1081344K
  class space    used 3978K, capacity 4068K, committed 4096K, reserved 1048576K
}
Event: 2.841 GC heap after
{Heap after GC invocations=11 (full 0):
 garbage-first heap   total 34816K, used 13775K [0x0000000701800000, 0x0000000800000000)
  region size 2048K, 1 young (2048K), 1 survivors (2048K)
 Metaspace       used 35503K, capacity 35809K, committed 35840K, reserved 1081344K
  class space    used 3978K, capacity 4068K, committed 4096K, reserved 1048576K
}
Event: 2.965 GC heap before
{Heap before GC invocations=12 (full 0):
 garbage-first heap   total 34816K, used 21967K [0x0000000701800000, 0x0000000800000000)
  region size 2048K, 6 young (12288K), 1 survivors (2048K)
 Metaspace       used 36039K, capacity 36441K, committed 36684K, reserved 1081344K
  class space    used 4048K, capacity 4170K, committed 4224K, reserved 1048576K
}
Event: 2.967 GC heap after
{Heap after GC invocations=13 (full 0):
 garbage-first heap   total 34816K, used 15091K [0x0000000701800000, 0x0000000800000000)
  region size 2048K, 1 young (2048K), 1 survivors (2048K)
 Metaspace       used 36039K, capacity 36441K, committed 36684K, reserved 1081344K
  class space    used 4048K, capacity 4170K, committed 4224K, reserved 1048576K
}
Event: 3.136 GC heap before
{Heap before GC invocations=13 (full 0):
 garbage-first heap   total 34816K, used 25331K [0x0000000701800000, 0x0000000800000000)
  region size 2048K, 6 young (12288K), 1 survivors (2048K)
 Metaspace       used 37443K, capacity 37803K, committed 37964K, reserved 1083392K
  class space    used 4320K, capacity 4431K, committed 4480K, reserved 1048576K
}
Event: 3.138 GC heap after
{Heap after GC invocations=14 (full 0):
 garbage-first heap   total 34816K, used 16016K [0x0000000701800000, 0x0000000800000000)
  region size 2048K, 1 young (2048K), 1 survivors (2048K)
 Metaspace       used 37443K, capacity 37803K, committed 37964K, reserved 1083392K
  class space    used 4320K, capacity 4431K, committed 4480K, reserved 1048576K
}
Event: 3.257 GC heap before
{Heap before GC invocations=14 (full 0):
 garbage-first heap   total 34816K, used 24208K [0x0000000701800000, 0x0000000800000000)
  region size 2048K, 5 young (10240K), 1 survivors (2048K)
 Metaspace       used 38238K, capacity 38618K, committed 38860K, reserved 1083392K
  class space    used 4412K, capacity 4531K, committed 4608K, reserved 1048576K
}

